2025-03-16 13:58:27 DEBUG TelegramBot:27 - привет
2025-03-16 13:58:43 DEBUG TelegramBot:27 - как дела
2025-03-16 14:07:58 DEBUG TelegramBot:29 - привет
2025-03-16 14:09:59 DEBUG TelegramBot:29 - gh
2025-03-16 15:39:22 DEBUG TelegramBot:29 - привет
2025-03-17 11:59:29 DEBUG TelegramBot:31 - привет
2025-03-17 12:01:16 DEBUG TelegramBot:31 - k
2025-03-17 12:08:57 DEBUG TelegramBot:38 - r
2025-03-17 12:21:40 DEBUG TelegramBot:35 - Здравствуйте
2025-03-17 12:21:48 DEBUG TelegramBot:35 - Товар пришел с браком
2025-03-17 12:22:20 DEBUG TelegramBot:35 - Другой вопрос
2025-03-17 12:31:49 DEBUG TelegramBot:36 - h
2025-03-17 12:32:47 DEBUG TelegramBot:36 - j
2025-03-17 12:32:52 DEBUG TelegramBot:36 - Товар пришел с браком
2025-03-17 12:32:54 DEBUG TelegramBot:36 - Хочу докупить товар
2025-03-17 12:32:56 DEBUG TelegramBot:36 - Связь с отделом оптовых продаж
2025-03-17 12:32:57 DEBUG TelegramBot:36 - Другой вопрос
2025-03-17 17:04:44 DEBUG TelegramBot:34 - Товар пришел с браком
2025-03-17 17:04:47 DEBUG TelegramBot:34 - Товар пришел с браком
2025-03-17 17:04:55 DEBUG TelegramBot:34 - WB
2025-03-17 17:04:59 DEBUG TelegramBot:34 - прол
2025-03-17 17:05:05 DEBUG TelegramBot:34 - нр
2025-03-17 17:05:13 DEBUG TelegramBot:34 - Яндекс Маркет
2025-03-17 17:05:16 DEBUG TelegramBot:34 - OZON
2025-03-17 17:07:00 DEBUG TelegramBot:34 - привет
2025-03-17 17:07:16 DEBUG TelegramBot:34 - Хочу докупить товар
2025-03-17 17:07:24 DEBUG TelegramBot:34 - прол
2025-03-17 17:17:03 DEBUG TelegramBot:34 - Привет
2025-03-17 17:17:11 DEBUG TelegramBot:34 - Товар пришел с браком
2025-03-17 17:17:13 DEBUG TelegramBot:34 - Яндекс Маркет
2025-03-17 17:17:18 DEBUG TelegramBot:34 - рпоа
2025-03-17 17:17:25 DEBUG TelegramBot:34 - йцу
2025-03-17 17:19:45 DEBUG TelegramBot:34 - /start
2025-03-17 17:19:50 DEBUG TelegramBot:34 - Товар пришел с браком
2025-03-17 17:19:53 DEBUG TelegramBot:34 - WB
2025-03-17 17:21:55 DEBUG TelegramBot:34 - /start
2025-03-17 17:21:59 DEBUG TelegramBot:34 - Хочу докупить товар
